<?xml version="1.0" encoding="UTF-8"?>
<!-- Generated by org.testng.reporters.JUnitReportReporter -->
<testsuite hostname="A1WYHNCTBMNDUCM" name="login.test.cases.LoginTestRight" tests="1" failures="0" timestamp="23 Mar 2017 01:52:15 GMT" time="9.566" errors="0">
  <testcase name="testCase" time="9.566" classname="login.test.cases.LoginTestRight"/>
</testsuite> <!-- login.test.cases.LoginTestRight -->
