<?xml version="1.0" encoding="UTF-8"?>
<!-- Generated by org.testng.reporters.JUnitReportReporter -->
<testsuite hostname="A1WYHNCTBMNDUCM" name="mail.test.cases.LoginTestRight" tests="1" failures="0" timestamp="22 Mar 2017 09:38:58 GMT" time="8.765" errors="0">
  <testcase name="testCase" time="8.765" classname="mail.test.cases.LoginTestRight"/>
</testsuite> <!-- mail.test.cases.LoginTestRight -->
