<?xml version="1.0" encoding="UTF-8"?>
<!-- Generated by org.testng.reporters.JUnitReportReporter -->
<testsuite hostname="A1WYHNCTBMNDUCM" name="mail.test.cases.LoginTestError" tests="4" failures="0" timestamp="22 Mar 2017 09:38:58 GMT" time="34.645" errors="0">
  <testcase name="testCase" time="8.440" classname="mail.test.cases.LoginTestError"/>
  <testcase name="testCase" time="8.345" classname="mail.test.cases.LoginTestError"/>
  <testcase name="testCase" time="8.559" classname="mail.test.cases.LoginTestError"/>
  <testcase name="testCase" time="9.301" classname="mail.test.cases.LoginTestError"/>
</testsuite> <!-- mail.test.cases.LoginTestError -->
