<?xml version="1.0" encoding="UTF-8"?>
<!-- Generated by org.testng.reporters.JUnitReportReporter -->
<testsuite hostname="A1WYHNCTBMNDUCM" name="login.test.cases.LoginTestError" tests="4" failures="0" timestamp="23 Mar 2017 01:52:15 GMT" time="33.970" errors="0">
  <testcase name="testCase" time="7.477" classname="login.test.cases.LoginTestError"/>
  <testcase name="testCase" time="9.232" classname="login.test.cases.LoginTestError"/>
  <testcase name="testCase" time="8.814" classname="login.test.cases.LoginTestError"/>
  <testcase name="testCase" time="8.447" classname="login.test.cases.LoginTestError"/>
</testsuite> <!-- login.test.cases.LoginTestError -->
